0 info it worked if it ends with ok
1 verbose cli [ '/usr/bin/node',
1 verbose cli   '/usr/bin/npm',
1 verbose cli   'install',
1 verbose cli   'angucomplete',
1 verbose cli   '--save' ]
2 info using npm@2.7.4
3 info using node@v0.12.2
4 verbose node symlink /usr/bin/node
5 warn package.json fs@0.0.2 fs is also the name of a node core module.
6 warn package.json fs@0.0.2 No description
7 warn package.json fs@0.0.2 No repository field.
8 warn package.json http@0.0.0 http is also the name of a node core module.
9 warn package.json http@0.0.0 No description
10 warn package.json http@0.0.0 No repository field.
11 silly cache add args [ 'angucomplete', null ]
12 verbose cache add spec angucomplete
13 silly cache add parsed spec { raw: 'angucomplete',
13 silly cache add   scope: null,
13 silly cache add   name: 'angucomplete',
13 silly cache add   rawSpec: '',
13 silly cache add   spec: '*',
13 silly cache add   type: 'range' }
14 verbose addNamed angucomplete@*
15 silly addNamed semver.valid null
16 silly addNamed semver.validRange *
17 silly addNameRange { name: 'angucomplete', range: '*', hasData: false }
18 silly mapToRegistry name angucomplete
19 silly mapToRegistry using default registry
20 silly mapToRegistry registry https://registry.npmjs.org/
21 silly mapToRegistry uri https://registry.npmjs.org/angucomplete
22 verbose addNameRange registry:https://registry.npmjs.org/angucomplete not in flight; fetching
23 verbose request uri https://registry.npmjs.org/angucomplete
24 verbose request no auth needed
25 info attempt registry request try #1 at 16:52:30
26 verbose request id 606141fc30ed1bd0
27 http request GET https://registry.npmjs.org/angucomplete
28 http 404 https://registry.npmjs.org/angucomplete
29 verbose headers { server: 'CouchDB/1.5.0 (Erlang OTP/R16B03)',
29 verbose headers   'content-type': 'application/json',
29 verbose headers   'cache-control': 'max-age=0',
29 verbose headers   'content-length': '51',
29 verbose headers   'accept-ranges': 'bytes',
29 verbose headers   date: 'Tue, 28 Apr 2015 13:52:31 GMT',
29 verbose headers   via: '1.1 varnish',
29 verbose headers   age: '0',
29 verbose headers   connection: 'keep-alive',
29 verbose headers   'x-served-by': 'cache-fra1222-FRA',
29 verbose headers   'x-cache': 'MISS',
29 verbose headers   'x-cache-hits': '0',
29 verbose headers   'x-timer': 'S1430229150.687435,VS0,VE425' }
30 silly get cb [ 404,
30 silly get   { server: 'CouchDB/1.5.0 (Erlang OTP/R16B03)',
30 silly get     'content-type': 'application/json',
30 silly get     'cache-control': 'max-age=0',
30 silly get     'content-length': '51',
30 silly get     'accept-ranges': 'bytes',
30 silly get     date: 'Tue, 28 Apr 2015 13:52:31 GMT',
30 silly get     via: '1.1 varnish',
30 silly get     age: '0',
30 silly get     connection: 'keep-alive',
30 silly get     'x-served-by': 'cache-fra1222-FRA',
30 silly get     'x-cache': 'MISS',
30 silly get     'x-cache-hits': '0',
30 silly get     'x-timer': 'S1430229150.687435,VS0,VE425' } ]
31 verbose stack Error: 404 Not Found: angucomplete
31 verbose stack     at CachingRegistryClient.<anonymous> (/usr/lib/node_modules/npm/node_modules/npm-registry-client/lib/request.js:245:14)
31 verbose stack     at Request._callback (/usr/lib/node_modules/npm/node_modules/npm-registry-client/lib/request.js:170:14)
31 verbose stack     at Request.self.callback (/usr/lib/node_modules/npm/node_modules/request/request.js:344:22)
31 verbose stack     at Request.emit (events.js:110:17)
31 verbose stack     at Request.<anonymous> (/usr/lib/node_modules/npm/node_modules/request/request.js:1239:14)
31 verbose stack     at Request.emit (events.js:129:20)
31 verbose stack     at IncomingMessage.<anonymous> (/usr/lib/node_modules/npm/node_modules/request/request.js:1187:12)
31 verbose stack     at IncomingMessage.emit (events.js:129:20)
31 verbose stack     at _stream_readable.js:908:16
31 verbose stack     at process._tickCallback (node.js:355:11)
32 verbose statusCode 404
33 verbose pkgid angucomplete
34 verbose cwd /home/syxme/nodestart
35 error Linux 3.16.0-30-generic
36 error argv "/usr/bin/node" "/usr/bin/npm" "install" "angucomplete" "--save"
37 error node v0.12.2
38 error npm  v2.7.4
39 error code E404
40 error 404 Not Found: angucomplete
40 error 404
40 error 404 'angucomplete' is not in the npm registry.
40 error 404 You should bug the author to publish it (or use the name yourself!)
40 error 404 It was specified as a dependency of 'FastedGet'
40 error 404
40 error 404 Note that you can also install from a
40 error 404 tarball, folder, http url, or git url.
41 verbose exit [ 1, true ]
